Script init
Using existing token...
Getting artists
https://api.spotify.com/v1/artists?ids=06HL4z0CvFAxyc27GXpf02,40ZNYROS4zLfyyBSs2PGe2,2uYWxilOVlUdk4oV9DvwqK,3TVXtAsR1Inumwj472S9r4,5cj0lLjcoR7YOSnhnX0Po5,2RQXRUsr4IW1f3mKyKsy4B,4q3ewBCX7sLwd24euuV69X,45dkTj5sMRSjrmBSBeiHym,2hlmm7s2ICUX0LVIhVFlZQ,4Ga1P7PMIsmqEZqhYZQgDo,4oUHIQIBe0LHzYfvXNW4QM,6HaGTQPmzraVmaVxvz6EUc,6ZjFtWeHP9XN7FeKSUe80S,7tYKF4w9nC0nq9CsPZTHyP,0Y5tJX1MQlPlqiwlOH1tJY,1McMsnEElThX1knmY4oliG,4iHNK0tOyZPYnBU7nGAgpQ,0ys2OFYzWYB5hRDLCsBqxt,3SozjO3Lat463tQICI9LcE,12GqGscKJx3aE4t07u7eVZ,7uMDnSZyUYNBPLhPMNuaM2,6l3HvQ5sa6mXTsMTB19rO5,4V8LLVI7PbaPR0K2TGSxFF,2h93pZq0e7k5yf4dywlkpM,0XeEobZplHxzM9QzFQWLiR,77SW9BnxLY8rJ0RciFqkHh,6dLuQ5qXxIuWc5urxfIiZR,3WrFJ7ztbogyGnTHbHJFl2,790FomKkXshlbRYZFtlgla,1Xyo4u8uXC1ZmMpatF05PJ,2tIP7SsRs7vjIcLrU85W8J,0jbo7KFNMiIkfBR6ih0yhm,6M2wZ9GZgrQXHCFfjv46we,46pWGuE3dSwY3bMMXGBvVS,6qqNVTkY8uBg9cP3Jd7DAH,246dkjvS1zLTtiykXe5h60,6HvZYsbFfjnjFrWF950C9d,3WGpXCj9YhhfX11TToZcXP,7iK8PXO48WeuP03g8YR51W,0hCNtLu0JehylgoiP8L4Gh,33NVpKoXjItPwUJTMZIOiY,5YGY8feqx7naU7z4HrwZM6,6KImCVD70vtIoJWnq6nGn3,5wCmhq5J2hPwL2r0eKurxn,1U1el3k54VvEUzo3ybLPlM,33qOK5uJ8AR2xuQQAhHump,74KM79TiuVKeVCqs8QtB0B,0iEtIxbK0KxaSlF7G42ZOp,4E2rKHVDssGJm2SCDOMMJB,0C8ZW7ezQVs4URX5aX7Kqx
Getting artists data...
API request succeeded!
Writing data to CSV...
Finished chunk 0 of 19
Using existing token...
Getting artists
https://api.spotify.com/v1/artists?ids=4GJ6xDCF5jaUqD6avOuQT6,00FQb4jTyendYWaN8pK0wa,78rUTD7y6Cy67W1RVzYs7t,2mLA48B366zkELXYx7hcDN,250b0Wlc5Vk0CoUsaCY84M,6Ip8FS7vWT1uKkJSweANQK,1r4hJ1h58CWwUQe3MxPuau,6eUKZXaKkcviH0Ku9w2n3V,4GNC7GD6oZMSxPGyXy4MNB,2NjfBq1NflQcKSeiDooVjY,53XhwfbYqKCa1cC15pYq2q,4yvcSjfu4PC0CYQyLy4wSq,69GGBxA162lTqCwzJG5jLp,0repuWOrxA3wK6vdP99hoZ,7n2wHs1TKAczGzO7Dd2rGr,4IWBUUAFIplrNtaOHcJPRM,6yowbnmMZBOAmU9ZZbfMlz,3aYVrx55ZFEcQ45n0R6GRl,4MCBfE4596Uoi2O4DtmEMz,0PCCGZ0wGLizHt2KZ7hhA2,2QOP6zKx1d0gGEtuuXOvJ3,1dfeR4HaWDbWqFHLkxsg1d,2FXC3k01G6Gw61bmprjgqS,1HY2Jd0NmPuamShAr6KMms,3EvzCyNmY3kbUkMawjsndF,1uNFoZAHBGtllmzznpCI3s,5y2Xq6xcjJb2jVM54GHK3t,10exVja0key0uqUkk6LJRT,2acqLrAZ1lspWmbpQzdiGE,5Pwc4xIPtQLFEnJriah9YJ,66CXWjxzNUsdJxJ2JdwvnR,15UsOTVnJzReFVN1VCnxy4,3YQKmKGau1PzlVlkL1iodx,5BcAKTbp20cv7tC5VqPFoC,1vCWHaC5f2uS3yhpwWbIA6,1fo7NK0K2t82yIvc2cQSPU,0gadJ2b9A4SKsB1RFkBb66,2YZyLoL8N0Wb9xBt1NhZWg,2txHhyCwHjUEpJjWrEyqyX,4O15NlyKLIASxsJ0PrXPfz,7CajNmpbOovFoOoasH2HaY,22CdKDXLh4wqXLZcPuCFYQ,4nDoRrQiYLoBzwC5BhVJzF,64KEffDW9EtZ1y2vBYgq8T,540vIaP2JwjQb9dm3aArA4,7dGJo4pcD2V6oG8kP0tJRR,2wPSVzL9RmbR3g1MjWRjMe,7Ln80lUS6He07XvHI8qqHH,4gzpq5DPGxSnKTe4SA8HAU,0C0XlULifJtAgn6ZNCW2eu
Getting artists data...
API request succeeded!
Writing data to CSV...
Finished chunk 1 of 19
Using existing token...
Getting artists
https://api.spotify.com/v1/artists?ids=2wY79sveU1sp5g7SokKOiI,7jVv8c5Fj3E9VhNjxT4snq,26VFTg2z8YR0cCuwLzESi2,738wLrAtLtCtFOLvQBXOXp,04gDigrS5kc9YWfZHwBETP,0H39MdGGX6dbnnQPt6NQkZ,3hv9jJF3adDNsBSIQDqcjp,7vk5e3vY1uw9plTHJAMwjN,3AMNwFfNk718n9qrHF9kT1,0du5cEVh5yTK9QJze8zA0C,2KsP6tYLJlTBvSUxnwlVWa,1fUcXY3KcnNvCP2dnF7XCh,6vXTefBL93Dj5IqAWq6OTv,2DaxqgrOhkeH0fpeiQq2f4,6olE6TJLqED3rqDCT0FyPh,3sgFRtyBnxXD5ESfmbK4dl,4dpARuHxo51G3z768sgnrY,2AsusXITU8P25dlRNhcAbG,6jJ0s89eD6GaHleKKya26X,16oZKvXb6WkQlVAjwo2Wbg,6MF9fzBmfXghAz953czmBC,5nLYd9ST4Cnwy6NHaCxbj8,64M6ah0SkkRsnPGtGiRAbb,4njdEjTnLfcGImKZu1iSrz,3b8QkneNDz4JHKKKlLgYZg,0TnOYISbd1XYRBk9myaseg,6sFIWsNpZYqfjUpaCgueju,4kYSro6naA4h99UJvo89HB,31TPClRtHm23RisEBtV3X7,3FUY2gzHeIiaesXtOAdB7A,6PXS4YHDkKvl1wkIl4V8DL,0ZrpamOxcZybMHGg1AYtHP,2RdwBSPQiwcmiDo9kixcl8,6JL8zeS1NmiOftqZTRgdTz,32WkQRZEVKSzVAAYqukAEA,5nCi3BB41mBaMH9gfr6Su0,75FnCoo4FBxH5K1Rrx0k5A,4V8Sr092TqfHkfAA5fXXqG,163tK9Wjr9P9DmM0AVK7lm,5CiGnKThu5ctn9pBxv7DGa,137W8MRPWKqSmrBGDBFSop,5WUlDfRSoLAfcVSX1WnrxN,7juKTDFlPesGeWQ1GmjmOv,0X2BH1fck6amBIoJhDVmmJ,20JZFwl6HVl6yg8a4H3ZqK,7EQ0qTo7fWT7DPxmxtSYEc,5pKCCKE2ajJHZ9KAiaK11H,5Rl15oVamLq7FbSb0NNBNy,6LuN9FCkKOj5PcnpouEgny,6DIS6PRrLS3wbnZsf7vYic
Getting artists data...
API request succeeded!
Writing data to CSV...
Finished chunk 2 of 19
Using existing token...
Getting artists
https://api.spotify.com/v1/artists?ids=23zg3TcAtWQy7J6upgbUnj,0DxeaLnv6SyYk2DOqkLO8c,7qG3b048QCHVRO5Pv1T5lw,2qxJFvFYMEDqd7ui6kSAcq,7gOdHgIoIKoe4i9Tta6qdD,1Cs0zKBU1kc0i8ypK3B9ai,6LqNN22kT3074XbTVUrhzX,1Y8cdNmUJH7yBTd9yOvr5i,26dSoYclwsYLMAKD3tpOr4,0jnsk9HBra6NMjO2oANoPY,5rGrDvrLOV2VV8SCFVGWlj,716NhGYqD1jl2wI1Qkgq36,1yxSLGMDHlW21z4YXirZDS,2l35CQqtYRh3d8ZIiBep4v,0oPeHAZ3BpdlD8EyeBLady,2AMYoSyrndaS01IOijAuhP,0kA7YYrQJET0k0b3VHVZ2c,56oDRnqbIiwx4mymNEv7dS,4OBJLual30L7gRl5UkeRcT,5lKZWd6HiSCLfnDGrq9RAm,35KNaNrpjGSXqMHJf3p67q,7keGfmQR4X5w0two1xKZ7d,0nVvtYn9kK3NEegwMtyock,0LcJLqbBmaGUft1e9Mm8HV,1aSxMhuvixZ8h9dK9jIDwL,65myEloviHpLiDJ7sA79DD,4gwpcMTbLWtBUlOijbVpuu,5ILrArfIV0tMURcHJN8Q07,0shFBysGw18zUHjV934zn3,0p4nmQO2msCgU4IF37Wi3j,6vWDO969PvNqNYHIOW5v0m,4yqqxloDulWcm7HJRuyJVY,0IF46mUS8NXjgHabxk2MCM,4yiQZ8tQPux8cPriYMWUFP,7lTrAtvHlfVsJZgXMMR05X,3q7HBObVc0L8jNeTe5Gofh,0zOcE3mg9nS6l3yxt1Y0bK,0EmeFodog0BfCgMzAIvKQp,2xUKvqyctCbewRgmObUM9n,0N0d3kjwdY2h7UVuTdJGfp,5gXUgIiv5gX9zj5Iot8lDb,7FNnA9vBm6EKceENgCGRMb,5K4W6rqBFWDnAN6FQUkS6x,7o95ZoZt5ZYn31e9z1Hc0a,1KCSPY1glIKqW2TotWuXOR,4phGZZrJZRo4ElhRtViYdl,3O0n3Twf8wPqVc5x9FJBYe,5l3nkPJllQnOEOp5ZP5QyW,4pADjHPWyrlAF0FA7joK2H,0WqfvIHk0iWcqlp4UsZyMC
Getting artists data...
API request succeeded!
Writing data to CSV...
Finished chunk 3 of 19
Using existing token...
Getting artists
https://api.spotify.com/v1/artists?ids=3BmGtnKgCSGYIUhmivXKWX,2ePDWKisYScdi7gDb8WOEO,07YZf4WDAMNwqr4jfgOZ8y,5ndkK3dpZLKtBklKjxNQwT,531qdIZUdxxz8LQ4j63zTP,42MRYPhQfcEXqb18dl5ERX,164hs3x1Tsp3FgJWNHee1r,3fMbdgg4jU18AjLCKBhRSm,1TtXnWcUs0FCkaZDPGYHdf,718COspgdWOnwOFpJHRZHS,19k8AgwwTSxeaxkOuCQEJs,3hcs9uc56yIGFCSy9leWe7,3win9vGIxFfBRag9S63wwf,6tPHARSq45lQ8BSALCfkFC,4YLtscXsxbVgi031ovDDdh,4DdkRBBYG6Yk9Ka8tdJ9BW,3FfvYsEGaIb52QPXhg4DcH,4zoRNhOhsGX3w8yBAnFSQ8,6IkfE2JyVoKwBZXvuytKX3,5yPzzu25VzEk8qrGTLIrE1,45TgXXqMDdF8BkjA83OM7z,2yLzlEFtIS0Q9UkyBZdQA7,3DbwFQlvLxRSi2uX8mf81A,63XBtGSEZINSyXylZxEUbv,6Ff53KvcvAj5U7Z1vojB5o,5QNm7E7RU2m64l6Gliu8Oy,4D75GcNG95ebPtNvoNVXhz,7bXgB6jMjp9ATFy66eO08Z,6TZdvF1kFzwnQLgHQynzsO,3MV8aOR91lzhsfoIMd0g5z,05eD7r0lrv7tVX32XYnUDs,6a9sa1cMkU55p7QGbjSzNu,3K2zB87GZv1krx031en5VA,6dMtOcYDs2wDlYuyxjgkRs,1mHuZMOP8FG5ip4yAb1vrB,0SCbttzoZTnLFebDYmAWCm,6d0ZjIp5L7Ygy2l02HskRX,0aogCZxZS1h1dWzGm6eBsp,0Chxmm4XMM87mJOHvyiUzL,2gsggkzM5R49q6jpPvazou,2A5XX9330cn5wnouz8SMAx,7rvhhrFPLui1EZewolgYjE,2aYJ5LAta2ScCdfLhKgZOY,5whBm2Wk9GvITjOclp8nQX,1l7ZsJRRS8wlW3WfJfPfNS,1YEEbHKA7t5pYoNnjtHSzP,6tbjWDEIzxoDsBA1FuhfPW,1dPgPwYz4zapkdMwTIxq7y,5e4Dhzv426EvQe3aDb64jL,77tT1kLj6mCWtFNqiOmP9H
Getting artists data...
API request succeeded!
Writing data to CSV...
Finished chunk 4 of 19
Using existing token...
Getting artists
https://api.spotify.com/v1/artists?ids=3gdbcIdNypBsYNu3iiCjtN,7dtJROxWQe3fxxF5t7o67N,0yNy8fi1yBBq526E6mx4Zs,0JpwHe11MFhd77gsR9TNT4,601893mmW5hl1FBOykWZHG,4tZwfgrHOc3mvqYlEYSvVi,3nFkdlSjzX9mRTtwJOzDYB,2gBjLmx6zQnFGQJCAQpRgw,3Isy6kedDrgPYoTS1dazA9,0a1gHP0HAqALbEyxaD5Ngn,4AK6F7OLvEQ5QYCBNiQWHq,21E3waRsmPlU7jZsS13rcj,4M0DLz8te9Q1lNIXBBwvfG,5T0MSzX9RC5NA6gAI6irSn,6FITmSxIMsk6TfulFiCIIz,1pbHrVayIcVpHI9z97u4bK,085pc2PYOi8bGKj0PNjekA,5j4HeCoUlzhfWtjAfM1acR,33ScadVnbm2X8kkUqOkC6Z,07QEuhtrNmmZ0zEcqE9SF6,536BYVgOnRky0xjsPT96zl,7o9Nl7K1Al6NNAHX6jn6iG,5tKXB9uuebKE34yowVaU3C,2iojnBLj0qIMiKPvVhLnsH,3DiDSECUqqY1AuBP8qtaIa,0RpddSzUHfncUWNJXKOsjy,5OrB6Jhhrl9y2PK0pSV4VP,698hF4vcwHwPy8ltmXermq,5Y5TRrQiqgUO4S36tzjIRZ,55Aa2cqylxrFIXC767Z865,1EeArivTpzLNCqubV95255,0id62QV2SZZfvBn9xpmuCl,4M6Z1wubeKtwPqbjJygTOc,6XwwFnewNgWp81MYMK8zLq,3ipn9JLAPI5GUEo4y4jcoi,0hEurMDQu99nJRq8pTxO14,0FWzNDaEu9jdgcYTbcOa4F,6S0dmVVn4udvppDhZIWxCr,2w9zwq3AktTeYYMuhMjju8,0hYxQe3AK5jBPCr5MumLHD,4KkHjCe8ouh8C2P9LPoD4F,6r20qOqY7qDWI0PPTxVMlC,6Vh6UDWfu9PUSXSzAaB3CW,6prmLEyn4LfHlD9NnXWlf7,1h6Cn3P4NGzXbaXidqURXs,3AQRLZ9PuTAozP28Skbq8V,2Sqr0DXoaYABbjBo9HaMkM,6UE7nl9mha6s8z0wFQFIZ2,7pGyQZx9thVa8GxMBeXscB,1XgFuvRd7r5g0h844A5ZUQ
Getting artists data...
API request succeeded!
Writing data to CSV...
Finished chunk 5 of 19
Using existing token...
Getting artists
https://api.spotify.com/v1/artists?ids=6f4XkbvYlXMH0QgVRzW0sM,7iLc4hrjOjQPfg1E3cCHg1,2NhdGz9EDv2FeUw6udu2g1,15qI5w4XJFLRMwOp2VrlD5,0QHgL1lAIqAw0HtD7YldmP,4H4M0Y4cN39zIVDHvdW53x,77kULmXAQ6vWer7IIHdGzI,0ChjBYedhZTQnWZWQYg15U,08GfvCW09pv2QP4y9sle2a,13ZEDW6vyBF12HYcZRr4EV,4xFUf1FHVy696Q1JQZMTRj,7FY5V3XMwlNBPitEjXowHQ,3EVsC9ZK7QMDuK4FPcZaEq,46lEQmDJLJeyltECJYJv1Y,6yJCxee7QumYr820xdIsjo,5Ppie0uPnbnvGBYRwYmlt0,0BvkDsjIUla7X0k6CSWh1I,6zLBxLdl60ekBLpawtT63I,7z5WFjZAIYejWy0NI5lv4T,5Zq7R5qmi58ByYyBQTlNuk,5ujvZU2thXjZgFKPUt1rDt,2kucQ9jQwuD8jWdtR9Ef38,4GGfAshSkqoxpZdoaHm7ky,6x2LnllRG5uGarZMsD4iO8,619CzMJPPWrCeZwx5qw6ko,44aoeFCBHXcE6v9hM7dBcl,1DUd25ybTBglvAohsXTmBx,7MmewOfNotqLLNt48TelbK,2kytM35nXuQfdxPeoLgE0K,7HajgsbfyKJutkRaAOO3Gv,7maQENQfaF8xDdEJp4i545,0xD6n0wj7aqV5g5LcRNBUd,2jrBiKykLqcIp2S7GLiahy,6USv9qhCn6zfxlBQIYJ9qs,7kjSuFGKhLm8b5qXoMhRkJ,5y8tKLUfMvliMe8IKamR32,5KKpBU5eC2tJDzf0wmlRp2,57vWImR43h4CaDao012Ofp,2CpLIMBoE2ZzyY3ZBCRZ7j,4XC335ouK6pXyq4QiIb8bP,2feDdbD5araYcm6JhFHHw7,6AMd49uBDJfhf30Ak2QR5s,44CMqAkutKvmCaE2OxyCbd,6BH1xcDkwbbyrLMUKECsW1,77PxY9mItIkmEo8D2fbfco,360IAlyVv4PCEVjgyMZrxK,1GmsPCcpKgF9OhlNXjOsbS,6iXyKLMU80TXYMWa2dQCUB,1URnnhqYAYcrqrcwql10ft,1vyhD5VmyZ7KMfW5gqLgo5
Getting artists data...
API request succeeded!
Writing data to CSV...
Finished chunk 6 of 19
Using existing token...
Getting artists
https://api.spotify.com/v1/artists?ids=1RyvyyTE3xzB2ZywiAwp0i,4VMYDCV2IEDYJArk749S6m,3PhoLpVuITZKcymswpck5b,2LRoIwlKmHjgvigdNGBHNo,1mcTU81TzQhprhouKaTkpq,4YRxDV8wJFPHPTeXepOstw,1i8SpTcr7yvPOmcqrbnVXY,2LIk90788K0zvyj2JJVwkJ,6VuMaDnrHyPL1p4EHjYLi7,2o5jDhtHVPhrJdv3cEQ99Z,1wRPtKGflJrBx9BmLsSwlU,52iwsT98xCoGgiGntTiR7K,0oOet2f43PA68X5RxKobEy,699OTQXzgjhIYAHMy9RyPD,329e4yvIujISKGKz1BZZbO,6XyY86QOPPrYVGvF9ch6wz,1zNqQNIdeOUZHb8zbZRFMX,2R21vXR83lH98kGeO99Y66,6XkjpgcEsYab502Vr1bBeW,1zNqDE7qDGCsyzJwohVaoX,5H4yInM5zmHqpKIoMNAx4r,08GQAI4eElDnROBrJRGE0X,4fwuXg6XQHfdlOdmw36OHa,2ysnwxxNtSgbb9t1m2Ur4j,0MlOPi3zIDMVrfA9R04Fe3,0awl5piYwO0CDTHEkCjUhn,0kkxsdcaWmWU2yWAqclDh4,4obzFoKoKRHIphyHzJ35G3,33W1pnW9zScZtYTnAoWnOT,5IcR3N7QB1j6KBL8eImZ8m,73Np75Wv2tju61Eo9Zw4IR,4NHQUGzhtTLFvgF5SZesLK,1dgdvbogmctybPrGEcnYf6,58MLl9nC29IXbE4nEtuoP2,1hzfo8twXdOegF3xireCYs,6MDME20pz9RveH9rEXvrOM,3KV3p5EY4AvKxOlhGHORLg,5xKp3UyavIBUsGy3DQdXeF,74XFHRwlV6OrjEM0A2NCMF,0NIIxcxNHmOoyBx03SfTCD,1PbBg2aYjWLKRk84zJK15x,34Y0ldeyUv7jBvukWOGASO,4Rxn7Im3LGfyRkY2FlHhWi,6VDdCwrBM4qQaGxoAyxyJC,6KZDXtSj0SzGOV705nNeh3,3whuHq0yGx60atvA2RCVRW,5yG7ZAZafVaAlMTeBybKAL,50OApTJurDusIo9dGTqSU4,6VxCmtR7S3yz4vnzsJqhSV,5nki7yRhxgM509M5ADlN1p
Getting artists data...
API request succeeded!
Writing data to CSV...
Finished chunk 7 of 19
Using existing token...
Getting artists
https://api.spotify.com/v1/artists?ids=2qdONMCoDngQk0eV4Avs1i,4zxvC7CRGvggq9EWXOpwAo,5CCwRZC6euC8Odo6y9X8jr,3Yl4nkmEa8BSuGWbwhdLDq,1Zatb2YN4erBOoSivOXc0o,28j8lBWDdDSHSSt5oPlsX2,61lyPtntblHJvA7FMMhi7E,5INjqkS1o8h1imAzPqGZBb,7jdFEYD2LTYjfwxOdlVjmc,2EMAnMvWE2eb56ToJVfCWs,1KP6TWI40m7p3QBTU6u2xo,4UXqAaa6dQYAk18Lv7PEgX,3t5xRXzsuZmMDkQzgOX35S,6S2OmqARrzebs0tKUEyXyp,1Xylc3o4UrD53lo9CvFvVg,4TH4BHy0LdBi3dpBW4P2UX,3NPpFNZtSTHheNBaWC82rB,23fqKkggKUBHNkbKtXEls4,3QLIkT4rD2FMusaqmkepbq,2hWs22BmQkK4czFtDLnar2,0c173mlxpT3dSFRgMO8XPh,4sTQVOfp9vEMCemLw50sbu,3e7awlrlDSwF3iM0WBjGMp,1HxJeLhIuegM3KgvPn8sTa,4bL2B6hmLlMWnUEZnorEtG,1l8Fu6IkuTP0U5QetQJ5Xt,3bhu7P5PfngueRHiB9hjcx,7iZtZyCzp3LItcw1wtPI3D,2wUjUUtkb5lvLKcGKsKqsR,6VD4UEUPvtsemqD3mmTqCR,1BhWF9W2PngtPSyobKg0rP,7f5Zgnp2spUuuzKplmRkt7,5p7f24Rk5HkUZsaS3BLG5F,6ujr1NkqbZpYOhquczUUfl,2FwJwEswyIUAljqgjNSHgP,36jaGQtMj5UWD0eO1fCVdD,4EzkuveR9pLvDVFNx6foYD,20sxb77xiYeusSH8cVdatc,0f5nVCcR06GX8Qikz0COtT,1HBjj22wzbscIZ9sEb5dyf,5MouCg6ta7zAxsfMEbc1uh,6gK1Uct5FEdaUWRWpU4Cl2,7H55rcKCfwqkyDFH9wpKM6,4BxCuXFJrSWGi1KHcVqaU4,4dwdTW1Lfiq0cM8nBAqIIz,73sIBHcqh3Z3NyqHKZ7FOL,13ubrt8QOOCPljQ2FL1Kca,6p5JxpTc7USNnBnLzctyd4,0SfsnGyD8FpIN4U4WCkBZ5,4VhL8KLjVso4vLfOLVViTb
Getting artists data...
API request succeeded!
Writing data to CSV...
Finished chunk 8 of 19
Using existing token...
Getting artists
https://api.spotify.com/v1/artists?ids=1VBflYyxBhnDc9uVib98rw,6nS5roXSAGhTGr34W6n7Et,17lzZA2AlOHwCwFALHttmp,3gd8FJtBJtkRxdfbTu19U2,60d24wfXkVzDSfLS6hyCjZ,1GxkXlMwML1oSg5eLPiAz3,2NdeV5rLm47xAvogXrYhJX,6hyMWrxGBsOx6sWcVj1DqP,34v5MVKeQnIo0CWYMbbrPf,2lEOFtf3cCyzomQcMHJGfZ,3mIj9lX2MWuHmhNCA7LSCW,67nwj3Y5sZQLl72VNUHEYE,1bT7m67vi78r2oqvxrP3X5,7hJcb9fa4alzcOq3EaNPoG,2dd5mrQZvg6SmahdgVKDzh,6CwfuxIqcltXDGjfZsMd9A,3XHO7cRUPCLOr6jwp8vsx5,5he5w2lnU9x7JFhnwcekXX,7gRhy3MIPHQo5CXYfWaw9I,2HcwFjNelS49kFbfvMxQYw,5fahUm8t5c0GIdeTq0ZaG8,7t51dSX8ZkKC7VoKRd0lME,12Chz98pHFMPJEknJQMWvI,053q0ukIDRgzwTr4vNSwab,2DlGxzQSjYe5N6G9nkYghR,01QTIT5P1pFP3QnnFSdsJf,7gjAu1qr5C2grXeQFFOGeh,5DYAABs8rkY9VhwtENoQCz,3iOvXCl6edW5Um0fXEBRXy,1sDVuztNhGcetCLChkleDA,0Z8XVUAOBPM4x12wKnFHEQ,7kplJl06UmldxLKseURAYi,3sUpZrkehiGBaMzs2h9Mmc,4NYMUsIcUUsBHbV9DICa5x,4e9TBaTlI3LVQz3tkTYC0I,7FetIwKD9uIJFiUwdHfq6g,78YqeIji3mgAS2K1Maca6x,3RqBeV12Tt7A8xH3zBDDUF,1p6CdzJRoicjRcSdWoB9Qc,5fMUXHkw8R8eOP2RNVYEZX,7HTLVyjNf0VRxfIgNcfRRH,6aZyMrc4doVtZyKNilOmwu,0FDlMMfT3tLEKM0QdEIHYu,34bhyY8jfKez7uKakMfy4y,5lRB3MAJfKzlt7dgYMHWgY,4TPT9nwjRvEV49q7f8p4fy,3oSJ7TBVCWMDMiYjXNiCKE,6Iz3eq2aQGFf7TbGT2iahL,46c50yWMo9wiTgVe1VxBbQ,6BRxQ8cD3eqnrVj6WKDok8
Getting artists data...
API request succeeded!
Writing data to CSV...
Finished chunk 9 of 19
Token expired. Getting new token...
API request succeeded!
{'access_token': 'BQDOA-6voCs-zco2bUTGWJIwgro5W3QAo6Uh7G4AQKdefkQjc9zYwvOf9UDZjfodxMsFLmsc3jNwz6NL7DA5mer35ZG8JpdI9xR2Z39h1Fo2y6aLPN0', 'token_type': 'Bearer', 'expires_in': 3600}
Getting artists
https://api.spotify.com/v1/artists?ids=7Cezk2wEDBPfYCwEuKum1Y,5XLWHp9tjK7PWm7SMcvo2q,1N53jg6KZxBoFI9oWNchct,2QMsj4XJ7ne2hojxt6v5eb,3BEV5FcxOtkQJ7lLRKMh3V,6y8XlgIV8BLlIg1tT1R10i,1nYvElumwIjMkOczb985bq,4sIl4BTo9l9KqEi0Y3RE72,0TImkz4nPqjegtVSMZnMRq,5rSXSAkZ67PYJSvpUpkOr7,6GI52t8N5F02MxU0g5U69P,2Mu5NfyYm8n5iTomuKAEHl,47zz7sob9NUcODy0BTDvKx,0uq5PttqEjj3IH1bzwcrXF,6DPYiyq5kWVQS4RGwxzPC7,41Q0HrwWBtuUkJc7C1Rp6K,41qil2VaGbD194gaEcmmyx,7t0rwkOPGlDPEhaOcVtOt9,3y24n3XhZ96wgwRXjvS17T,6FBDaR13swtiWwGhX1WQsP,2SHhfs4BiDxGQ3oxqf0UHY,46lnlnlU0dXTDpoAUmH6Qx,2cGwlqi3k18jFpUyTrsR84,0dlOr0VIysztGWvU1dpjmP,6nzxy2wXs6tLgzEtqOkEi2,7slfeZO9LsJbWgpkIoXBUJ,0L8ExT028jH3ddEcZwqJJ5,4ylR3zwA0zaapAu94fktwa,4KWTAlx2RvbpseOGMEmROg,5mgr0FFpvy267wKVAYg8qp,3qm84nBOXUEQ2vnTfUTTFC,711MCceyCBcFnzjGY4Q7Un,7r8RF1tN2A4CiGEplkp1oP,4Z8W4fKeB5YxbusRsdQVPb,0kJMPTXq7h3ztpDukSx5iD,5EvFsr3kj42KNv97ZEnqij,2d0hyoQ5ynDBnkvAbJKORj,09hVIj6vWgoCDtT03h8ZCa,4S9EykWXhStSc15wEx8QFK,2iEvnFsWxR0Syqu2JNopAd,3RNrq3jvMZxD9ZyoOZbQOD,5a2EaR3hamoenG9rDuVn8j,2WKdxPFRD7IqZvlIAvhMgY,3NRFinRTEqUCfaTTZmk8ek,0lJlKQvuM2Sd9DPPyUXcHg,4iSKnRZAxkmqNok6tv10Se,0EdvGhlC1FkGItLOWQzG4J,0nyc9SZGLITSOJASmTZsnZ,2mpeljBig2IXLXRAFO9AAs,37w38cCSGgKLdayTRjna4W
Getting artists data...
API request succeeded!
Writing data to CSV...
Finished chunk 10 of 19
Using existing token...
Getting artists
https://api.spotify.com/v1/artists?ids=2PSiyldxmJze7xiqbz658m,2zrZfs23sjuHDv4E6YRmNf,0vEsuISMWAKNctLlUAhSZC,1w5Kfo2jwwIPruYS2UWh56,3g2kUQ6tHLLbmkV7T4GPtL,6XpaIBNiVzIetEPCWDvAFP,7oPftvlwr6VrsViSDV7fJY,4P0dddbxPil35MNN9G2MEX,7jy3rLJdDQY21OgRLCZ9sD,19ra5tSw0tWufvUp8GotLo,7HLvzuM9p11k9lUQfSM4Rq,6J7biCazzYhU3gM9j1wfid,4Eqd24yS5YcxI8b6Xfuwr8,3KEb1kbIZN5jumsjFEWgSW,64tNsm6TnZe2zpcMVMOoHL,20qISvAhX20dpIbOOzGK3q,0rvjqX7ttXeg3mTy8Xscbt,3Y3xIwWyq5wnNHPp5gPjOW,0SD4eZCN4Kr0wQk56hCdh2,2BTZIqw0ntH9MvilQ3ewNY,0PFtn5NtBbbUNbU9EAmIWF,3alW3LYQS8K29z8C8NSLIX,7cKtqv9cYVlOwnuCFH95ce,58lV9VcRSjABbAbfWS6skp,4wM29TDTr3HI0qFY3KoSFG,6zFYqv1mOsgBRQbae3JJ9e,3daM7asS0gCFvyLemNx2EE,26bcq2nyj5GB7uRr558iQg,2jzc5TC5TVFLXQlBNiIUzE,3Z02hBLubJxuFJfhacLSDc,5lpH0xAS4fVfLkACg9DAuM,4QQgXkCYTt3BlENzhyNETg,1zxDewzd2j1ZdSBGaYcr0y,0f3EsoviYnRKTkmayI3cux,5WWSL6rElJeUk3Uc1S2RyD,7Js6Lde8thlIHXggv2SCBz,2QsynagSdAqZj3U9HgDzjD,6IRouO5mvvfcyxtPDKMYFN,1Fmb52lZ6Jv7FMWXXTPO3K,6ZLTlhejhndI4Rh53vYhrY,4bthk9UfsYUYdcFyqxmSUU,0NKDgy9j66h3DLnN8qu1bB,3CQIn7N5CuRDP8wEI7FiDA,51Blml2LZPmy7TTiAg47vQ,55vs7NT1KxcFjbMC4y202E,3eqjTLE0HfPfh78zjh6TqT,0gxyHStUsqpMadRV0Di1Qt,2TzHIUhVpeeDxyJPpQfnV3,2CvCyf1gEVhI0mX6aFXmVI,2aS6jYh7ysTL1ZUsHneNgM
Getting artists data...
API request succeeded!
Writing data to CSV...
Finished chunk 11 of 19
Using existing token...
Getting artists
https://api.spotify.com/v1/artists?ids=32vWCbZh0xZ4o9gkz4PsEU,6IFXsrXBpwbIqtOUOiAa3p,3bmFPbLMiLxtR9tFrTcKcP,4xXCRXOfQKQ2gjWxNhNzYW,3EhbVgyfGd7HkpsagwL9GS,1dLWg6m8RRhizsdqJbhyj3,2ekjTXgjxbWwBX5lTAj4DU,3koiLjNrgRTNbOwViDipeA,5jNGQ7VOU87x5402JjhTtd,4Tw2N3wdvJPGEU7JqMxFfE,2m62cc253Xvd9qYQ8d2X3d,2kreKea2n96dXjcyAU9j5N,72KyoXzp0NOQij6OcmZUxk,51l0uqRxGaczYr4271pVIC,19y5MFBH7gohEdGwKM7QsP,6ZNeppgfBLPUyugks9Yn1u,2tRsMl4eGxwoNabM08Dm4I,0JDkhL4rjiPNEp92jAgJnS,2iM28IgKg89v1o7BTQAVPo,6Uhp7WA6sjm5ZL6Xz561de,1LB8qB5BPb3MHQrfkvifXU,5NGO30tJxFlKixkPSgXcFE,7Bah8E0kCETqEpAHI6CPzQ,5xQKoGD7Ql92fWd1uWwKkf,6rqU9HQ57NYGBnBzbrY3a4,5IDs1CK15HegSAhGEbSYXo,1XE70WwxhnrXNAJYQQ9ygx,32lVGr0fSRGT6okLKHiP68,05oH07COxkXKIMt6mIPRee,296LotOmbj7eOX7r9l46fK,7urq0VfqxEYEEiZUkebXT4,2S8UlyXW4JjjHcbeg8ddIo,2Xu7q46Hf02xOoEIm4E1Qs,5NDMothbpdpq2xHqSjrrWn,5VfqJBmXcf6ZqXoGij5qTE,7peqq4aACFkBwIWGG0YRJ9,27TmRLInIAVyWyU14KlALf,0EVUivUkugMtNF09L4QBMH,7ypgj95aGInvJMJbMv78wB,2NmK5FyrQ18HOPXq1UBzqa,7vWlb4pM85jCHvV771qZZW,21gGD9dUby5ls0belA1wqZ,1eNkUXHPaXyuyC8NAgzykK,1255GTUKNCLCTvH9ctD4cT,0iVrCROxeyon7MZUW3MfzT,7opRqRgF9lvnVraBFCMvIj,2zFZiWQJFFshzojycnXoTL,5A8aDgiZdup7bmLO0JVy8T,6cjSmkVvMvyE6tCAo1M9Is,2MGT7CYlixSPxAnnkhLpaA
Getting artists data...
API request succeeded!
Writing data to CSV...
Finished chunk 12 of 19
Using existing token...
Getting artists
https://api.spotify.com/v1/artists?ids=3nvvdEjnlsAgbINStkVkkr,62sPt3fswraiEPnKQpAbdE,6lHL3ubAMgSasKjNqKb8HF,6MLDcHrNh4OqxDZAjMt5pt,1urjDGTd4iBze91Z1W1gu7,5aEWnrN8h3MhuFUPRfaVuy,2IBPIcSkvQZyoaVfoyZKE8,266SmBZTt4zRzaKEANWbfQ,2XPUDzn2nGbKcT3i90dIUE,6PzulX5BJXNwDxql6gslSA,1XkoF8ryArs86LZvFOkbyr,756t7CBmWLNYsshVtS6P44,5z2cHsOmmmWcAPNG1oEhw0,1QtIfAa6y7w2JhxYJhYeUG,336vr2M3Va0FjyvB55lJEd,2P3cjUru4H3fhSXXNxE9kA,0urTpYCsixqZwgNTkPJOJ4,2r09Inibex3C4ZNTUVSG3m,4UGMQyNcbGHYg5CDMKkSw3,0Ttph0pOZiPNTD3y2wUUb6,0Br4l2km0ic7BSsNh1E5h4,1YInSKB7mwCXc6JFL8jc9c,5fikk4h5qbEebqK2Fc6e48,6O74knDqdv3XaWtkII7Xjp,536cPhlYZfof1UGTp19uUr,4qwGe91Bz9K2T8jXTZ815W,5M719s0iFExbYpmLDMudPJ,3zTOe1BtyTkwNvYZOxXktX,4ryyCNxkhfBSXHx4k2lo3T,6PzsqI9GcFkDwMLIrZWv0h,6JykORVcL2F0ZgM7OxjVSh,5KNqYrivNgVCHBssEUSu5B,0le01dl1WllSHhjEXRl4in,3X458ddYA2YcVWuVIGGOYe,5Jfegr2MzGGPfYPLcCAsxv,5sDe0X0gLSn43jYACSZBzN,0ECwFtbIWEVNwjlrfc6xoL,2y8Jo9CKhJvtfeKOsYzRdT,7jefIIksOi1EazgRTfW2Pk,1LZEQNv7sE11VDY3SdxQeN,6bswxXQ3qgvkMQCRu0DKuz,7tjbDPvrdvDshcpEMXKRVb,15jHZ1EZwmm2QDjKctvqJQ,7crPfGd2k81ekOoSqQKWWz,0oSGxfWSnnOXhD2fKuz2Gy,2x9SpqnPi8rlE9pjHBwmSC,6jdObwsrIjSRnBbMw6lPBj,6P7H3ai06vU1sGvdpBwDmE,6i6WlGzQtXtz7GcC5H5st5,3Dzj993UEz8Z5ovxuirzFO
Getting artists data...
API request succeeded!
Writing data to CSV...
Finished chunk 13 of 19
Using existing token...
Getting artists
https://api.spotify.com/v1/artists?ids=6v8FB84lnmJs434UJf2Mrm,7FIoB5PHdrMZVC3q2HE5MS,0WwSkZ7LtFUFjGjMZBMt6T,4salDzkGmfycRqNUbyBphh,0DW7boyjvbaSP3OJ72sXgC,0fgtHVpOPfXb07S8Jx443z,1R6Hx1tJ2VOUyodEpC12xM,0k17h0D3J5VfsdmQ1iZtE9,3JsMj0DEzyWc0VDlHuy9Bx,7dnB1wSxbYa8CejeVg98hz,7bPU7cvfoD20ixGD9Qnqki,70cRZdQywnSFp9pnc2WTCE,7C4sUpWGlTy7IANjruj02I,4eeRviM714mXXeILmKHxh2,20je656lhatFVl4EoaNupn,1Ppt4rprTNi78ZG7AExA1f,35k2toFgs8gru6GMPChzo6,4MVyzYMgTwdP7Z49wAZHx0,2mbvqMGpwLsakeH45p1Jrb,6mcrZQmgzFGRWf7C0SObou,7pwk3M6iETEiAFLwqkgLrk,4STHEaNw4mPZ2tzheohgXB,1sXbwvCQLGZnaH0Jp2HTVc,3IYUhFvPQItj6xySrBmZkd,22bE4uQ6baNwSHPVcDxLCe,44NX2ffIYHr6D4n7RaZF7A,3RwQ26hR2tJtA8F9p2n7jG,1bs7HoMkSyQwcobCpE9KpN,43ZHCT0cAZBISjO8DG9PnE,3eskO5m0H4yiF64vRySBjr,7mEIug7XUlQHikrFxjTWes,19eLuQmk9aCobbVDHc6eek,0iOVhN3tnSvgDbcg25JoJb,7nwUJBm0HE4ZxD3f5cy5ok,2VIoWte1HPDbZ2WqHd2La7,7fIvjotigTGWqjIz6EP1i4,3CDKmzJu6uwEGnPLLZffpD,36QJpDe2go2KgaRleHCDTp,57bUPid8xztkieZfS7OlEV,1Mxqyy3pSjf8kZZL4QVxS0,320EPCSEezHt1rtbfwH6Ck,7guDJrEfX3qb6FEbdPA5qi,1T0wRBO0CK0vK8ouUMqEl5,7v4imS0moSyGdXyLgVTIV7,22WZ7M8sxp5THdruNY3gXt,293zczrfYafIItmnmM3coR,1SQRv42e4PjEYfPhS0Tk9E,776Uo845nYHJpNaStv1Ds4,7CyeXFnOrfC1N6z4naIpgo,2jgPkn6LuUazBoBk6vvjh5
Getting artists data...
API request succeeded!
Writing data to CSV...
Finished chunk 14 of 19
Using existing token...
Getting artists
https://api.spotify.com/v1/artists?ids=3oDbviiivRWhXwIE8hxkVV,3ICflSq6ZgYAIrm2CTkfVP,2BVYdY4PyfCF9z4NrkhEB2,4vpDg7Y7fU982Ds30zawDA,32r72WOqqRO1DtSznId7Lr,2qFr8w5sWUITRlzZ9kZotF,33QmoCkSqADuQEtMCysYLh,3KGQvnOoqUHi3KxKQMZtXr,6kACVPfCOnqzgfEF5ryl0x,74oJ4qxwOZvX6oSsu1DGnw,1eYhYunlNJlDoQhtYBvPsi,1WRM9i067hd2ujxxi8FI3m,74ASZWbe4lXaubB36ztrGX,7CCn4PFRRRZF127jtCBAUe,7G1GBhoKtEPnP86X2PvEYO,67ea9eGLXYMsO2eYQRui3w,4J69yWrKwWJgjv3DKTZcGo,7ceUfdWq2t5nbatS6ollHh,1FqqOl9itIUpXr4jZPIVoT,2uNpV18izVIP7DNusoWbT5,7qQJQ3YtcGlqaLg5tcypN2,08b2PA6eFyugsWAk41eQKZ,60df5JBRRPcnSpsIMxxwQm,15FyiY3ChN0QRspHIQYq0W,6hnWRPzGGKiapVX1UCdEAC,0N5PyKJzS3M1XNlaCL7bbE,2pdvghEHZJtgSXZ7cvNLou,0FMucZsEnCxs5pqBjHjIc8,6Tw1ktF4xMmzaLLbe98I2z,0EodhzA6yW1bIdD5B4tcmJ,5Y9xEAGW4GwGJgbiI6W85P,2zyz0VJqrDXeFDIyrfVXSo,3wYyutjgII8LJVVOLrGI0D,3rxeQlsv0Sc2nyYaZ5W71T,49e4v89VmlDcFCMyDv9wQ9,1YzCsTRb22dQkh9lghPIrp,5V0MlUE1Bft0mbLlND7FJz,4xls23Ye9WR9yy3yYMpAMm,6iygtKnPG7TRvDaTYcLOd6,32LHRiof0sa4taYew9i3Fa,6KWcxMWVNVIYbdOQyJtsSy,3MFp4cYuYtTZe3d3xkLLbr,1p0t3JtUTayV2wb1RGN9mO,602DnpaSXJB4b9DZrvxbDc,4y6J8jwRAwO4dssiSmN91R,2iSZ41LUUYVcz5At9Xuz7T,2loYllWFfoWpoxC5YrJKc4,5N6GwJzOcOY5kv8p0NjhYL,3MKwHkhEjcvzva2rasZeWD,4cPHsZM98sKzmV26wlwD2W
Getting artists data...
API request succeeded!
Writing data to CSV...
Finished chunk 15 of 19
Using existing token...
Getting artists
https://api.spotify.com/v1/artists?ids=09C0xjtosNAIXP36wTnWxd,5v8jlSmAQfrkTjAlpUfWtu,0ckkj0a9CvIJr4h84B0OlN,53QzNeFpzAaXYnrDBbDrIp,4SLfKHcufUqU46DiTAHIsj,4ACplpEqD6JIVgKrafauzs,6lOk7hCr8x3O9vHwylXyHR,3ESG6pj6a0LvUKklENalT6,7u6FSuqT3SWE2kO8rNVjfp,4VnomLtKTm9Ahe1tZfmZju,52lBOxCxbJg0ttXEW9CQpW,6Ahm6X9wSKXitavOvu0XzY,3EY5DxGdy7x4GelivOjS2Q,3QZKZBEmr54lAVI5XvmjnM,2YP02JRa1JLejrg3XTssJS,2bmixwMZXlkl2sbIbOfviq,5hIClg6noTaCzMu2s5wp4f,2PnyEnxPA8H95IhFEBu5u7,21LGsW7bziR4Ledx7WZ1Wf,2KMQz6s6MNRr4bxI8EQdRk,6bOYtKnpLPQSfMpS2ilotK,2gNK2HAaLVz5DZoD2moDQj,6V6WCgi7waF55bJmylC4H5,7Ey4PD4MYsKc5I2dolUwbH,08F3Y3SctIlsOEmKd6dnH8,3iDD7bnsjL9J4fO298r0L0,39T6qqI0jDtSWWioX8eGJz,2ixSzFmACsZSsx40fXTNYk,07XSN3sPlIlB2L2XNcTwJw,00tVTdpEhQQw1bqdu8RCx2,7bu3H8JO7d0UbMoVzbo70s,6waa8mKu91GjzD4NlONlNJ,6DCIj8jNaNpBz8e5oKFPtp,35U9lQaRWSQISxQAB94Meo,5tTsrGPwQRWUsHR2Xf7Ke9,5jJN1nmKXzRjodMl1THQeI,568ZhdwyaiCyOGJRtNYhWf,0TF2NxkJZPQoX1H53rEFM1,319yZVtYM9MBGqmSQnMyY6,4V4Z3qMCwYofWHtip6ePF6,4hKkEHkaqCsyxNxXEsszVH,2yrbLiuBmc9j81lTX3XUuI,1zgNpeHQe8GulzfVkYP2VK,6gkWznnJkdkwRPVcmnrays,2wMcQIxzH2LYHJZNxo9FcN,3rfgbfpPSfXY40lzRK7Syt,64CuUOOirKmdAYLQSfaOyr,3mQBpAOMWYqAZyxtyeo4Lo,2iE18Oxc8YSumAU232n4rW,2eogQKWWoohI3BSnoG7E2U
Getting artists data...
API request succeeded!
Writing data to CSV...
Finished chunk 16 of 19
Using existing token...
Getting artists
https://api.spotify.com/v1/artists?ids=0Xf8oDAJYd2D0k3NLI19OV,4apX9tIeHb85yPyy4F6FJG,0dCKce6tJJdHvlWnDMwzPW,5FHwr1FymaS5kutIEK6e2y,6biWAmrHyiMkX49LkycGqQ,7EK1bQADBoqbYXnT4Cqv9w,1NRzxuPpdGushT8YmF5NAa,54R6Y0I7jGUCveDTtI21nb,72VzFto8DYvKHocaHYNWSi,1CcEgi464SWZsKY5579u7z,2e53aHBQdCMKWqHDuyJsjC,6QtGlUje9TIkLrgPZrESuk,38h03gA85YYPeDPd9ER9rT,3S34Unhn5yRcaH5K9aU5Et,3ICyfoySNDZqtBVmaBT84I,0qEcf3SFlpRcb3lK3f2GZI,5fbhwqYYh4YwUoEs582mq5,5iB5AWIa7qreioi0AF3Bxa,5m8H6zSadhu1j9Yi04VLqD,2Pawr6MMX9VBIQ9oUHg7jc,6UfoTQXaV3DuqtDVjZIxwZ,2AV6XDIs32ofIJhkkDevjm,1gRNBaI4yn6wCCTvRhGWh8,5lkiCO9UQ8B23dZ1o0UV4m,6PpGPIrFf3LM7Q77eR4Bts,057gc1fxmJ2vkctjQJ7Tal,4tpUmLEVLCGFr93o8hFFIB,1eEfMU2AhEo7XnKgL7c304,3VNITwohbvU5Wuy5PC6dsI,1B8AXU6gIIafpyLEpbcv1u,502FY8XQYRxClWgolQ3Hf2,3dBVyJ7JuOMt4GE9607Qin,7Kkx4dACo6kFSeT9wjfVA5,3dS8rLINyM7EYuMXryXJym,61zv3hX7l838ZyhaDyAx8S,3R6f1aBWwde7ZqGv7hf4dY,5TGTpu4g8siFOIctZuQO7y,4FAEZeJcsYYBkNq2D3KGTV,7jmTilWYlKOuavFfmQAcu6,4x1nvY2FN8jxqAFA0DA02H,6twIAGnYuIT1pncMAsXnEm,6PAt558ZEZl0DmdXlnjMgD,0W498bDDNlJIrYMKXdpLHA,4BoRxUdrcgbbq1rxJvvhg9,70ZTdbPEcEugBNay4MvxfL,3pFCERyEiP5xeN2EsPXhjI,3RTzAwFprBqiskp550eSJX,187xgSpsFH8mMbAcoCW0zE,0vn7UBvSQECKJm2817Yf1P,23rleGXVOVVgTk3xgtmfE4
Getting artists data...
API request succeeded!
Writing data to CSV...
Finished chunk 17 of 19
Using existing token...
Getting artists
https://api.spotify.com/v1/artists?ids=7d7q5Y1p2QWS4QRAhTQR5E,6OheJTrDFGiyZ67F1BBLhc,6IRQiyNmNGjGlrmEl0iArm
Getting artists data...
API request succeeded!
Writing data to CSV...
Finished chunk 18 of 19
Script complete
